INFO     2024-03-17 18:13:28,241 days_parsing '1-й четверг ноября' - Ok
INFO     2024-03-17 18:13:28,241 days_parsing '3-я среда мая' - Ok
ERROR    2024-03-17 18:13:28,241 days_parsing '5-я среда мая' - Wrong week number of a month! Week number must be from 1 to 4 included.
ERROR    2024-03-17 18:13:28,241 days_parsing '2-я середина мая' - Wrong name of weekday!
ERROR    2024-03-17 18:13:28,242 days_parsing '2-я среда месяца' - Wrong month name!
ERROR    2024-03-17 18:13:28,242 days_parsing 'None' - TextToDate.__call__() missing 1 required positional argument: 'text'
ERROR    2024-03-17 18:13:28,242 days_parsing '' - not enough values to unpack (expected 3, got 0)
INFO     2024-03-17 18:16:41,314 days_parsing '1-й четверг ноября' - Ok
INFO     2024-03-17 18:16:41,314 days_parsing '3-я среда мая' - Ok
ERROR    2024-03-17 18:16:41,314 days_parsing '5-я среда мая' - Wrong week number of a month! Week number must be from 1 to 4 included.
ERROR    2024-03-17 18:16:41,315 days_parsing '2-я середина мая' - Wrong name of weekday!
ERROR    2024-03-17 18:16:41,315 days_parsing '2-я среда месяца' - Wrong month name!
ERROR    2024-03-17 18:16:41,315 days_parsing 'None' - TextToDate.__call__() missing 1 required positional argument: 'text'
ERROR    2024-03-17 18:16:41,315 days_parsing '' - not enough values to unpack (expected 3, got 0)
INFO     2024-03-17 18:18:40,464 days_parsing '1-й четверг ноября' - Ok
INFO     2024-03-17 18:18:40,464 days_parsing '3-я среда мая' - Ok
ERROR    2024-03-17 18:18:40,465 days_parsing '5-я среда мая' - Wrong week number of a month! Week number must be from 1 to 4 included.
ERROR    2024-03-17 18:18:40,465 days_parsing '2-я середина мая' - Wrong name of weekday!
ERROR    2024-03-17 18:18:40,465 days_parsing '2-я среда месяца' - Wrong month name!
ERROR    2024-03-17 18:18:40,465 days_parsing 'None' - TextToDate.__call__() missing 1 required positional argument: 'text'
ERROR    2024-03-17 18:18:40,465 days_parsing '' - not enough values to unpack (expected 3, got 0)
ERROR    2024-03-17 18:26:18,653 days_parsing '1-й' - not enough values to unpack (expected 3, got 1)
ERROR    2024-03-17 18:26:18,653 days_parsing 'четверг' - not enough values to unpack (expected 3, got 1)
ERROR    2024-03-17 18:26:18,654 days_parsing 'ноября' - not enough values to unpack (expected 3, got 1)
ERROR    2024-03-17 18:29:39,985 days_parsing '1-й' - not enough values to unpack (expected 3, got 1)
ERROR    2024-03-17 18:29:39,985 days_parsing 'четверг' - not enough values to unpack (expected 3, got 1)
ERROR    2024-03-17 18:29:39,986 days_parsing 'ноября' - not enough values to unpack (expected 3, got 1)
INFO     2024-03-17 18:30:11,044 days_parsing '1-й четверг ноября' - Ok
INFO     2024-03-17 18:30:11,044 days_parsing '3-я среда мая' - Ok
ERROR    2024-03-17 18:30:11,044 days_parsing '5-я среда мая' - Wrong week number of a month! Week number must be from 1 to 4 included.
ERROR    2024-03-17 18:30:11,044 days_parsing '2-я середина мая' - Wrong name of weekday!
ERROR    2024-03-17 18:30:11,044 days_parsing '2-я среда месяца' - Wrong month name!
ERROR    2024-03-17 18:30:11,044 days_parsing 'None' - TextToDate.__call__() missing 1 required positional argument: 'text'
ERROR    2024-03-17 18:30:11,044 days_parsing '' - not enough values to unpack (expected 3, got 0)
ERROR    2024-03-17 18:30:42,162 days_parsing '1-й' - not enough values to unpack (expected 3, got 1)
ERROR    2024-03-17 18:30:42,163 days_parsing 'четверг' - not enough values to unpack (expected 3, got 1)
ERROR    2024-03-17 18:30:42,163 days_parsing 'ноября' - not enough values to unpack (expected 3, got 1)
ERROR    2024-03-17 18:31:00,037 days_parsing '1-й' - not enough values to unpack (expected 3, got 1)
ERROR    2024-03-17 18:31:00,037 days_parsing 'четверг' - not enough values to unpack (expected 3, got 1)
ERROR    2024-03-17 18:31:00,037 days_parsing 'ноября' - not enough values to unpack (expected 3, got 1)
INFO     2024-03-17 18:32:47,281 days_parsing '1-й четверг ноября' - Ok
INFO     2024-03-17 18:32:47,282 days_parsing '3-я среда мая' - Ok
ERROR    2024-03-17 18:32:47,282 days_parsing '5-я среда мая' - Wrong week number of a month! Week number must be from 1 to 4 included.
ERROR    2024-03-17 18:32:47,282 days_parsing '2-я середина мая' - Wrong name of weekday!
ERROR    2024-03-17 18:32:47,282 days_parsing '2-я среда месяца' - Wrong month name!
ERROR    2024-03-17 18:32:47,282 days_parsing 'None' - TextToDate.__call__() missing 1 required positional argument: 'text'
ERROR    2024-03-17 18:32:47,282 days_parsing '' - not enough values to unpack (expected 3, got 0)
ERROR    2024-03-17 18:32:56,836 days_parsing '1-й' - not enough values to unpack (expected 3, got 1)
ERROR    2024-03-17 18:32:56,836 days_parsing 'четверг' - not enough values to unpack (expected 3, got 1)
ERROR    2024-03-17 18:32:56,837 days_parsing 'ноября' - not enough values to unpack (expected 3, got 1)
ERROR    2024-03-17 18:33:09,305 days_parsing '1-й' - not enough values to unpack (expected 3, got 1)
ERROR    2024-03-17 18:33:09,305 days_parsing 'четверг' - not enough values to unpack (expected 3, got 1)
ERROR    2024-03-17 18:33:09,306 days_parsing 'ноября' - not enough values to unpack (expected 3, got 1)
INFO     2024-03-17 18:33:58,559 days_parsing '1-й четверг ноября' - Ok
INFO     2024-03-17 18:33:58,559 days_parsing '3-я среда мая' - Ok
ERROR    2024-03-17 18:33:58,559 days_parsing '5-я среда мая' - Wrong week number of a month! Week number must be from 1 to 4 included.
ERROR    2024-03-17 18:33:58,561 days_parsing '2-я середина мая' - Wrong name of weekday!
ERROR    2024-03-17 18:33:58,561 days_parsing '2-я среда месяца' - Wrong month name!
ERROR    2024-03-17 18:33:58,561 days_parsing 'None' - TextToDate.__call__() missing 1 required positional argument: 'text'
ERROR    2024-03-17 18:33:58,561 days_parsing '' - not enough values to unpack (expected 3, got 0)
ERROR    2024-03-17 18:38:28,005 days_parsing 'N' - not enough values to unpack (expected 3, got 1)
ERROR    2024-03-17 18:38:28,005 days_parsing '1-й' - not enough values to unpack (expected 3, got 1)
ERROR    2024-03-17 18:38:28,006 days_parsing 'четверг' - not enough values to unpack (expected 3, got 1)
ERROR    2024-03-17 18:38:28,006 days_parsing 'ноября' - not enough values to unpack (expected 3, got 1)
INFO     2024-03-17 18:43:19,121 days_parsing '1-й четверг ноября' - Ok
INFO     2024-03-17 18:43:19,122 days_parsing '3-я среда мая' - Ok
ERROR    2024-03-17 18:43:19,122 days_parsing '5-я среда мая' - Wrong week number of a month! Week number must be from 1 to 4 included.
ERROR    2024-03-17 18:43:19,122 days_parsing '2-я середина мая' - Wrong name of weekday!
ERROR    2024-03-17 18:43:19,122 days_parsing '2-я среда месяца' - Wrong month name!
ERROR    2024-03-17 18:43:19,122 days_parsing 'None' - TextToDate.__call__() missing 1 required positional argument: 'text'
ERROR    2024-03-17 18:43:19,122 days_parsing '' - not enough values to unpack (expected 3, got 0)
INFO     2024-03-17 18:43:35,709 days_parsing '1-й четверг ноября' - Ok
INFO     2024-03-17 18:43:35,710 days_parsing '3-я среда мая' - Ok
ERROR    2024-03-17 18:43:35,710 days_parsing '5-я среда мая' - Wrong week number of a month! Week number must be from 1 to 4 included.
ERROR    2024-03-17 18:43:35,710 days_parsing '2-я середина мая' - Wrong name of weekday!
ERROR    2024-03-17 18:43:35,710 days_parsing '2-я среда месяца' - Wrong month name!
ERROR    2024-03-17 18:43:35,710 days_parsing 'None' - TextToDate.__call__() missing 1 required positional argument: 'text'
ERROR    2024-03-17 18:43:35,710 days_parsing '' - not enough values to unpack (expected 3, got 0)
ERROR    2024-03-17 18:43:35,710 days_parsing 'Namespace(name=None)' - 'Namespace' object has no attribute 'split'
INFO     2024-03-17 18:44:40,781 days_parsing '1-й четверг ноября' - Ok
INFO     2024-03-17 18:45:08,961 days_parsing '1-й четверг ноября' - Ok
INFO     2024-03-17 18:46:29,308 days_parsing '1-й четверг ноября' - Ok
INFO     2024-03-17 18:46:58,498 days_parsing '1-й четверг ноября' - Ok
INFO     2024-03-17 18:46:58,498 days_parsing '3-я среда мая' - Ok
ERROR    2024-03-17 18:46:58,498 days_parsing '5-я среда мая' - Wrong week number of a month! Week number must be from 1 to 4 included.
ERROR    2024-03-17 18:46:58,498 days_parsing '2-я середина мая' - Wrong name of weekday!
ERROR    2024-03-17 18:46:58,498 days_parsing '2-я среда месяца' - Wrong month name!
ERROR    2024-03-17 18:46:58,498 days_parsing 'None' - TextToDate.__call__() missing 1 required positional argument: 'text'
ERROR    2024-03-17 18:46:58,498 days_parsing '' - not enough values to unpack (expected 3, got 0)
ERROR    2024-03-17 18:46:58,499 days_parsing 'Namespace(name=None)' - 'Namespace' object has no attribute 'split'
